# JRE version: OpenJDK Runtime Environment (17.0.7) (build 17.0.7+0-b2043.56-10550314)
# Java VM: OpenJDK 64-Bit Server VM (17.0.7+0-b2043.56-10550314, mixed mode, tiered, compressed oops, compressed class ptrs, g1 gc, windows-amd64)
GC Precious Log:
 CPUs: 20 total, 20 available
 Memory: 16003M
 Large Page Support: Disabled
 NUMA Support: Disabled
 Compressed Oops: Enabled (Zero based)
 Heap Region Size: 2M
 Heap Min Capacity: 8M
 Heap Initial Capacity: 252M
 Heap Max Capacity: 4002M
 Pre-touch: Disabled
 Parallel Workers: 15
 Concurrent Workers: 4
 Concurrent Refinement Workers: 15
 Periodic GC: Disabled
Heap:
 garbage-first heap   total 151552K, used 106291K [0x0000000705e00000, 0x0000000800000000)
  region size 2048K, 35 young (71680K), 2 survivors (4096K)
 Metaspace       used 68489K, committed 68736K, reserved 1114112K
  class space    used 7953K, committed 8064K, reserved 1048576K
GC Heap History (20 events):
Event: 0.929 GC heap before
{Heap before GC invocations=4 (full 0):
 garbage-first heap   total 34816K, used 25512K [0x0000000705e00000, 0x0000000800000000)
  region size 2048K, 10 young (20480K), 3 survivors (6144K)
 Metaspace       used 29035K, committed 29248K, reserved 1114112K
  class space    used 3552K, committed 3648K, reserved 1048576K
}
Event: 0.934 GC heap after
{Heap after GC invocations=5 (full 0):
 garbage-first heap   total 34816K, used 14018K [0x0000000705e00000, 0x0000000800000000)
  region size 2048K, 2 young (4096K), 2 survivors (4096K)
 Metaspace       used 29035K, committed 29248K, reserved 1114112K
  class space    used 3552K, committed 3648K, reserved 1048576K
}
Event: 1.053 GC heap before
{Heap before GC invocations=5 (full 0):
 garbage-first heap   total 34816K, used 22210K [0x0000000705e00000, 0x0000000800000000)
  region size 2048K, 7 young (14336K), 2 survivors (4096K)
 Metaspace       used 30996K, committed 31168K, reserved 1114112K
  class space    used 3984K, committed 4032K, reserved 1048576K
}
Event: 1.058 GC heap after
{Heap after GC invocations=6 (full 0):
 garbage-first heap   total 34816K, used 15497K [0x0000000705e00000, 0x0000000800000000)
  region size 2048K, 1 young (2048K), 1 survivors (2048K)
 Metaspace       used 30996K, committed 31168K, reserved 1114112K
  class space    used 3984K, committed 4032K, reserved 1048576K
}
Event: 1.138 GC heap before
{Heap before GC invocations=6 (full 0):
 garbage-first heap   total 34816K, used 23689K [0x0000000705e00000, 0x0000000800000000)
  region size 2048K, 5 young (10240K), 1 survivors (2048K)
 Metaspace       used 33440K, committed 33600K, reserved 1114112K
  class space    used 4238K, committed 4288K, reserved 1048576K
}
Event: 1.141 GC heap after
{Heap after GC invocations=7 (full 0):
 garbage-first heap   total 34816K, used 16544K [0x0000000705e00000, 0x0000000800000000)
  region size 2048K, 1 young (2048K), 1 survivors (2048K)
 Metaspace       used 33440K, committed 33600K, reserved 1114112K
  class space    used 4238K, committed 4288K, reserved 1048576K
}
Event: 1.204 GC heap before
{Heap before GC invocations=7 (full 0):
 garbage-first heap   total 34816K, used 24736K [0x0000000705e00000, 0x0000000800000000)
  region size 2048K, 5 young (10240K), 1 survivors (2048K)
 Metaspace       used 35064K, committed 35264K, reserved 1114112K
  class space    used 4433K, committed 4544K, reserved 1048576K
}
Event: 1.207 GC heap after
{Heap after GC invocations=8 (full 0):
 garbage-first heap   total 147456K, used 15289K [0x0000000705e00000, 0x0000000800000000)
  region size 2048K, 1 young (2048K), 1 survivors (2048K)
 Metaspace       used 35064K, committed 35264K, reserved 1114112K
  class space    used 4433K, committed 4544K, reserved 1048576K
}
Event: 1.550 GC heap before
{Heap before GC invocations=9 (full 0):
 garbage-first heap   total 61440K, used 50105K [0x0000000705e00000, 0x0000000800000000)
  region size 2048K, 19 young (38912K), 1 survivors (2048K)
 Metaspace       used 43108K, committed 43328K, reserved 1114112K
  class space    used 5223K, committed 5376K, reserved 1048576K
}
Event: 1.555 GC heap after
{Heap after GC invocations=10 (full 0):
 garbage-first heap   total 61440K, used 18328K [0x0000000705e00000, 0x0000000800000000)
  region size 2048K, 3 young (6144K), 3 survivors (6144K)
 Metaspace       used 43108K, committed 43328K, reserved 1114112K
  class space    used 5223K, committed 5376K, reserved 1048576K
}
Event: 1.610 GC heap before
{Heap before GC invocations=10 (full 0):
 garbage-first heap   total 61440K, used 18328K [0x0000000705e00000, 0x0000000800000000)
  region size 2048K, 4 young (8192K), 3 survivors (6144K)
 Metaspace       used 43661K, committed 43904K, reserved 1114112K
  class space    used 5294K, committed 5440K, reserved 1048576K
}
Event: 1.616 GC heap after
{Heap after GC invocations=11 (full 0):
 garbage-first heap   total 61440K, used 18860K [0x0000000705e00000, 0x0000000800000000)
  region size 2048K, 1 young (2048K), 1 survivors (2048K)
 Metaspace       used 43661K, committed 43904K, reserved 1114112K
  class space    used 5294K, committed 5440K, reserved 1048576K
}
Event: 1.958 GC heap before
{Heap before GC invocations=11 (full 0):
 garbage-first heap   total 61440K, used 43436K [0x0000000705e00000, 0x0000000800000000)
  region size 2048K, 13 young (26624K), 1 survivors (2048K)
 Metaspace       used 47459K, committed 47680K, reserved 1114112K
  class space    used 5760K, committed 5888K, reserved 1048576K
}
Event: 1.963 GC heap after
{Heap after GC invocations=12 (full 0):
 garbage-first heap   total 61440K, used 23854K [0x0000000705e00000, 0x0000000800000000)
  region size 2048K, 2 young (4096K), 2 survivors (4096K)
 Metaspace       used 47459K, committed 47680K, reserved 1114112K
  class space    used 5760K, committed 5888K, reserved 1048576K
}
Event: 2.067 GC heap before
{Heap before GC invocations=12 (full 0):
 garbage-first heap   total 61440K, used 46382K [0x0000000705e00000, 0x0000000800000000)
  region size 2048K, 13 young (26624K), 2 survivors (4096K)
 Metaspace       used 47815K, committed 48000K, reserved 1114112K
  class space    used 5783K, committed 5888K, reserved 1048576K
}
Event: 2.072 GC heap after
{Heap after GC invocations=13 (full 0):
 garbage-first heap   total 159744K, used 25204K [0x0000000705e00000, 0x0000000800000000)
  region size 2048K, 1 young (2048K), 1 survivors (2048K)
 Metaspace       used 47815K, committed 48000K, reserved 1114112K
  class space    used 5783K, committed 5888K, reserved 1048576K
}
Event: 3.564 GC heap before
{Heap before GC invocations=13 (full 0):
 garbage-first heap   total 159744K, used 117364K [0x0000000705e00000, 0x0000000800000000)
  region size 2048K, 46 young (94208K), 1 survivors (2048K)
 Metaspace       used 56183K, committed 56384K, reserved 1114112K
  class space    used 6642K, committed 6720K, reserved 1048576K
}
Event: 3.575 GC heap after
{Heap after GC invocations=14 (full 0):
 garbage-first heap   total 159744K, used 37397K [0x0000000705e00000, 0x0000000800000000)
  region size 2048K, 6 young (12288K), 6 survivors (12288K)
 Metaspace       used 56183K, committed 56384K, reserved 1114112K
  class space    used 6642K, committed 6720K, reserved 1048576K
}
Event: 3.968 GC heap before
{Heap before GC invocations=14 (full 0):
 garbage-first heap   total 159744K, used 57877K [0x0000000705e00000, 0x0000000800000000)
  region size 2048K, 17 young (34816K), 6 survivors (12288K)
 Metaspace       used 58660K, committed 58880K, reserved 1114112K
  class space    used 7009K, committed 7104K, reserved 1048576K
}
Event: 3.981 GC heap after
{Heap after GC invocations=15 (full 0):
 garbage-first heap   total 159744K, used 40755K [0x0000000705e00000, 0x0000000800000000)
  region size 2048K, 2 young (4096K), 2 survivors (4096K)
 Metaspace       used 58660K, committed 58880K, reserved 1114112K
  class space    used 7009K, committed 7104K, reserved 1048576K
}

