# JRE version: OpenJDK Runtime Environment (17.0.7) (build 17.0.7+0-b2043.56-10550314)
# Java VM: OpenJDK 64-Bit Server VM (17.0.7+0-b2043.56-10550314, mixed mode, tiered, compressed oops, compressed class ptrs, g1 gc, windows-amd64)
GC Precious Log:
 CPUs: 20 total, 20 available
 Memory: 16003M
 Large Page Support: Disabled
 NUMA Support: Disabled
 Compressed Oops: Enabled (32-bit)
 Heap Region Size: 1M
 Heap Min Capacity: 8M
 Heap Initial Capacity: 252M
 Heap Max Capacity: 2G
 Pre-touch: Disabled
 Parallel Workers: 15
 Concurrent Workers: 4
 Concurrent Refinement Workers: 15
 Periodic GC: Disabled
Heap:
 garbage-first heap   total 342016K, used 175329K [0x0000000080000000, 0x0000000100000000)
  region size 1024K, 47 young (48128K), 2 survivors (2048K)
 Metaspace       used 120908K, committed 121792K, reserved 1179648K
  class space    used 16176K, committed 16576K, reserved 1048576K
GC Heap History (20 events):
Event: 4218.650 GC heap before
{Heap before GC invocations=48 (full 0):
 garbage-first heap   total 269312K, used 227306K [0x0000000080000000, 0x0000000100000000)
  region size 1024K, 20 young (20480K), 5 survivors (5120K)
 Metaspace       used 116553K, committed 117568K, reserved 1179648K
  class space    used 15711K, committed 16192K, reserved 1048576K
}
Event: 4218.653 GC heap after
{Heap after GC invocations=49 (full 0):
 garbage-first heap   total 269312K, used 213747K [0x0000000080000000, 0x0000000100000000)
  region size 1024K, 2 young (2048K), 2 survivors (2048K)
 Metaspace       used 116553K, committed 117568K, reserved 1179648K
  class space    used 15711K, committed 16192K, reserved 1048576K
}
Event: 4953.921 GC heap before
{Heap before GC invocations=50 (full 0):
 garbage-first heap   total 342016K, used 218867K [0x0000000080000000, 0x0000000100000000)
  region size 1024K, 20 young (20480K), 2 survivors (2048K)
 Metaspace       used 116441K, committed 117568K, reserved 1179648K
  class space    used 15677K, committed 16192K, reserved 1048576K
}
Event: 4953.932 GC heap after
{Heap after GC invocations=51 (full 0):
 garbage-first heap   total 342016K, used 177762K [0x0000000080000000, 0x0000000100000000)
  region size 1024K, 1 young (1024K), 1 survivors (1024K)
 Metaspace       used 116441K, committed 117568K, reserved 1179648K
  class space    used 15677K, committed 16192K, reserved 1048576K
}
Event: 6629.791 GC heap before
{Heap before GC invocations=51 (full 0):
 garbage-first heap   total 342016K, used 193122K [0x0000000080000000, 0x0000000100000000)
  region size 1024K, 16 young (16384K), 1 survivors (1024K)
 Metaspace       used 116443K, committed 117568K, reserved 1179648K
  class space    used 15677K, committed 16192K, reserved 1048576K
}
Event: 6629.797 GC heap after
{Heap after GC invocations=52 (full 0):
 garbage-first heap   total 342016K, used 145421K [0x0000000080000000, 0x0000000100000000)
  region size 1024K, 1 young (1024K), 1 survivors (1024K)
 Metaspace       used 116443K, committed 117568K, reserved 1179648K
  class space    used 15677K, committed 16192K, reserved 1048576K
}
Event: 6681.247 GC heap before
{Heap before GC invocations=52 (full 0):
 garbage-first heap   total 342016K, used 160781K [0x0000000080000000, 0x0000000100000000)
  region size 1024K, 16 young (16384K), 1 survivors (1024K)
 Metaspace       used 116443K, committed 117568K, reserved 1179648K
  class space    used 15677K, committed 16192K, reserved 1048576K
}
Event: 6681.273 GC heap after
{Heap after GC invocations=53 (full 0):
 garbage-first heap   total 342016K, used 126111K [0x0000000080000000, 0x0000000100000000)
  region size 1024K, 1 young (1024K), 1 survivors (1024K)
 Metaspace       used 116443K, committed 117568K, reserved 1179648K
  class space    used 15677K, committed 16192K, reserved 1048576K
}
Event: 7447.826 GC heap before
{Heap before GC invocations=53 (full 0):
 garbage-first heap   total 342016K, used 211103K [0x0000000080000000, 0x0000000100000000)
  region size 1024K, 85 young (87040K), 1 survivors (1024K)
 Metaspace       used 116598K, committed 117632K, reserved 1179648K
  class space    used 15678K, committed 16192K, reserved 1048576K
}
Event: 7447.831 GC heap after
{Heap after GC invocations=54 (full 0):
 garbage-first heap   total 342016K, used 133525K [0x0000000080000000, 0x0000000100000000)
  region size 1024K, 8 young (8192K), 8 survivors (8192K)
 Metaspace       used 116598K, committed 117632K, reserved 1179648K
  class space    used 15678K, committed 16192K, reserved 1048576K
}
Event: 7449.370 GC heap before
{Heap before GC invocations=55 (full 0):
 garbage-first heap   total 342016K, used 286101K [0x0000000080000000, 0x0000000100000000)
  region size 1024K, 119 young (121856K), 8 survivors (8192K)
 Metaspace       used 116708K, committed 117760K, reserved 1179648K
  class space    used 15646K, committed 16192K, reserved 1048576K
}
Event: 7449.375 GC heap after
{Heap after GC invocations=56 (full 0):
 garbage-first heap   total 342016K, used 133849K [0x0000000080000000, 0x0000000100000000)
  region size 1024K, 10 young (10240K), 10 survivors (10240K)
 Metaspace       used 116708K, committed 117760K, reserved 1179648K
  class space    used 15646K, committed 16192K, reserved 1048576K
}
Event: 7692.931 GC heap before
{Heap before GC invocations=56 (full 0):
 garbage-first heap   total 342016K, used 139993K [0x0000000080000000, 0x0000000100000000)
  region size 1024K, 16 young (16384K), 10 survivors (10240K)
 Metaspace       used 116709K, committed 117760K, reserved 1179648K
  class space    used 15646K, committed 16192K, reserved 1048576K
}
Event: 7692.947 GC heap after
{Heap after GC invocations=57 (full 0):
 garbage-first heap   total 342016K, used 129808K [0x0000000080000000, 0x0000000100000000)
  region size 1024K, 2 young (2048K), 2 survivors (2048K)
 Metaspace       used 116709K, committed 117760K, reserved 1179648K
  class space    used 15646K, committed 16192K, reserved 1048576K
}
Event: 12000.116 GC heap before
{Heap before GC invocations=57 (full 0):
 garbage-first heap   total 342016K, used 253712K [0x0000000080000000, 0x0000000100000000)
  region size 1024K, 123 young (125952K), 2 survivors (2048K)
 Metaspace       used 116844K, committed 117824K, reserved 1179648K
  class space    used 15656K, committed 16192K, reserved 1048576K
}
Event: 12000.128 GC heap after
{Heap after GC invocations=58 (full 0):
 garbage-first heap   total 342016K, used 133969K [0x0000000080000000, 0x0000000100000000)
  region size 1024K, 6 young (6144K), 6 survivors (6144K)
 Metaspace       used 116844K, committed 117824K, reserved 1179648K
  class space    used 15656K, committed 16192K, reserved 1048576K
}
Event: 12001.533 GC heap before
{Heap before GC invocations=59 (full 0):
 garbage-first heap   total 342016K, used 282449K [0x0000000080000000, 0x0000000100000000)
  region size 1024K, 133 young (136192K), 6 survivors (6144K)
 Metaspace       used 116812K, committed 117952K, reserved 1179648K
  class space    used 15592K, committed 16192K, reserved 1048576K
}
Event: 12001.541 GC heap after
{Heap after GC invocations=60 (full 0):
 garbage-first heap   total 342016K, used 141376K [0x0000000080000000, 0x0000000100000000)
  region size 1024K, 13 young (13312K), 13 survivors (13312K)
 Metaspace       used 116812K, committed 117952K, reserved 1179648K
  class space    used 15592K, committed 16192K, reserved 1048576K
}
Event: 12001.570 GC heap before
{Heap before GC invocations=60 (full 0):
 garbage-first heap   total 342016K, used 144448K [0x0000000080000000, 0x0000000100000000)
  region size 1024K, 16 young (16384K), 13 survivors (13312K)
 Metaspace       used 116838K, committed 117952K, reserved 1179648K
  class space    used 15594K, committed 16192K, reserved 1048576K
}
Event: 12001.580 GC heap after
{Heap after GC invocations=61 (full 0):
 garbage-first heap   total 342016K, used 131297K [0x0000000080000000, 0x0000000100000000)
  region size 1024K, 2 young (2048K), 2 survivors (2048K)
 Metaspace       used 116838K, committed 117952K, reserved 1179648K
  class space    used 15594K, committed 16192K, reserved 1048576K
}

