# JRE version: OpenJDK Runtime Environment (17.0.7) (build 17.0.7+0-b2043.56-10550314)
# Java VM: OpenJDK 64-Bit Server VM (17.0.7+0-b2043.56-10550314, mixed mode, tiered, compressed oops, compressed class ptrs, g1 gc, windows-amd64)
GC Precious Log:
 CPUs: 20 total, 20 available
 Memory: 16003M
 Large Page Support: Disabled
 NUMA Support: Disabled
 Compressed Oops: Enabled (32-bit)
 Heap Region Size: 1M
 Heap Min Capacity: 8M
 Heap Initial Capacity: 252M
 Heap Max Capacity: 2G
 Pre-touch: Disabled
 Parallel Workers: 15
 Concurrent Workers: 4
 Concurrent Refinement Workers: 15
 Periodic GC: Disabled
Heap:
 garbage-first heap   total 258048K, used 103114K [0x0000000080000000, 0x0000000100000000)
  region size 1024K, 6 young (6144K), 6 survivors (6144K)
 Metaspace       used 98579K, committed 99328K, reserved 1179648K
  class space    used 13716K, committed 14080K, reserved 1048576K
GC Heap History (20 events):
Event: 4.604 GC heap after
{Heap after GC invocations=31 (full 0):
 garbage-first heap   total 174080K, used 68768K [0x0000000080000000, 0x0000000100000000)
  region size 1024K, 8 young (8192K), 8 survivors (8192K)
 Metaspace       used 68739K, committed 69376K, reserved 1114112K
  class space    used 9186K, committed 9472K, reserved 1048576K
}
Event: 5.094 GC heap before
{Heap before GC invocations=31 (full 0):
 garbage-first heap   total 174080K, used 133280K [0x0000000080000000, 0x0000000100000000)
  region size 1024K, 67 young (68608K), 8 survivors (8192K)
 Metaspace       used 74590K, committed 75200K, reserved 1179648K
  class space    used 9987K, committed 10304K, reserved 1048576K
}
Event: 5.098 GC heap after
{Heap after GC invocations=32 (full 0):
 garbage-first heap   total 174080K, used 76555K [0x0000000080000000, 0x0000000100000000)
  region size 1024K, 4 young (4096K), 4 survivors (4096K)
 Metaspace       used 74590K, committed 75200K, reserved 1179648K
  class space    used 9987K, committed 10304K, reserved 1048576K
}
Event: 5.451 GC heap before
{Heap before GC invocations=32 (full 0):
 garbage-first heap   total 174080K, used 132875K [0x0000000080000000, 0x0000000100000000)
  region size 1024K, 60 young (61440K), 4 survivors (4096K)
 Metaspace       used 77870K, committed 78528K, reserved 1179648K
  class space    used 10440K, committed 10752K, reserved 1048576K
}
Event: 5.454 GC heap after
{Heap after GC invocations=33 (full 0):
 garbage-first heap   total 174080K, used 82223K [0x0000000080000000, 0x0000000100000000)
  region size 1024K, 8 young (8192K), 8 survivors (8192K)
 Metaspace       used 77870K, committed 78528K, reserved 1179648K
  class space    used 10440K, committed 10752K, reserved 1048576K
}
Event: 5.789 GC heap before
{Heap before GC invocations=33 (full 0):
 garbage-first heap   total 174080K, used 136495K [0x0000000080000000, 0x0000000100000000)
  region size 1024K, 60 young (61440K), 8 survivors (8192K)
 Metaspace       used 81615K, committed 82240K, reserved 1179648K
  class space    used 11040K, committed 11328K, reserved 1048576K
}
Event: 5.794 GC heap after
{Heap after GC invocations=34 (full 0):
 garbage-first heap   total 174080K, used 84246K [0x0000000080000000, 0x0000000100000000)
  region size 1024K, 2 young (2048K), 2 survivors (2048K)
 Metaspace       used 81615K, committed 82240K, reserved 1179648K
  class space    used 11040K, committed 11328K, reserved 1048576K
}
Event: 6.113 GC heap before
{Heap before GC invocations=34 (full 0):
 garbage-first heap   total 174080K, used 138518K [0x0000000080000000, 0x0000000100000000)
  region size 1024K, 55 young (56320K), 2 survivors (2048K)
 Metaspace       used 85745K, committed 86336K, reserved 1179648K
  class space    used 11750K, committed 12032K, reserved 1048576K
}
Event: 6.116 GC heap after
{Heap after GC invocations=35 (full 0):
 garbage-first heap   total 174080K, used 86614K [0x0000000080000000, 0x0000000100000000)
  region size 1024K, 5 young (5120K), 5 survivors (5120K)
 Metaspace       used 85745K, committed 86336K, reserved 1179648K
  class space    used 11750K, committed 12032K, reserved 1048576K
}
Event: 6.497 GC heap before
{Heap before GC invocations=36 (full 0):
 garbage-first heap   total 174080K, used 140886K [0x0000000080000000, 0x0000000100000000)
  region size 1024K, 58 young (59392K), 5 survivors (5120K)
 Metaspace       used 90141K, committed 90816K, reserved 1179648K
  class space    used 12398K, committed 12736K, reserved 1048576K
}
Event: 6.501 GC heap after
{Heap after GC invocations=37 (full 0):
 garbage-first heap   total 174080K, used 89795K [0x0000000080000000, 0x0000000100000000)
  region size 1024K, 8 young (8192K), 8 survivors (8192K)
 Metaspace       used 90141K, committed 90816K, reserved 1179648K
  class space    used 12398K, committed 12736K, reserved 1048576K
}
Event: 6.505 GC heap before
{Heap before GC invocations=37 (full 0):
 garbage-first heap   total 174080K, used 90819K [0x0000000080000000, 0x0000000100000000)
  region size 1024K, 9 young (9216K), 8 survivors (8192K)
 Metaspace       used 90242K, committed 90880K, reserved 1179648K
  class space    used 12415K, committed 12736K, reserved 1048576K
}
Event: 6.508 GC heap after
{Heap after GC invocations=38 (full 0):
 garbage-first heap   total 174080K, used 88786K [0x0000000080000000, 0x0000000100000000)
  region size 1024K, 1 young (1024K), 1 survivors (1024K)
 Metaspace       used 90242K, committed 90880K, reserved 1179648K
  class space    used 12415K, committed 12736K, reserved 1048576K
}
Event: 6.915 GC heap before
{Heap before GC invocations=38 (full 0):
 garbage-first heap   total 174080K, used 142034K [0x0000000080000000, 0x0000000100000000)
  region size 1024K, 53 young (54272K), 1 survivors (1024K)
 Metaspace       used 95119K, committed 95744K, reserved 1179648K
  class space    used 13083K, committed 13376K, reserved 1048576K
}
Event: 6.917 GC heap after
{Heap after GC invocations=39 (full 0):
 garbage-first heap   total 174080K, used 91684K [0x0000000080000000, 0x0000000100000000)
  region size 1024K, 4 young (4096K), 4 survivors (4096K)
 Metaspace       used 95119K, committed 95744K, reserved 1179648K
  class space    used 13083K, committed 13376K, reserved 1048576K
}
Event: 7.219 GC heap before
{Heap before GC invocations=40 (full 0):
 garbage-first heap   total 174080K, used 142884K [0x0000000080000000, 0x0000000100000000)
  region size 1024K, 54 young (55296K), 4 survivors (4096K)
 Metaspace       used 96455K, committed 97216K, reserved 1179648K
  class space    used 13270K, committed 13632K, reserved 1048576K
}
Event: 7.224 GC heap after
{Heap after GC invocations=41 (full 0):
 garbage-first heap   total 174080K, used 97661K [0x0000000080000000, 0x0000000100000000)
  region size 1024K, 7 young (7168K), 7 survivors (7168K)
 Metaspace       used 96455K, committed 97216K, reserved 1179648K
  class space    used 13270K, committed 13632K, reserved 1048576K
}
Event: 7.230 GC heap before
{Heap before GC invocations=41 (full 0):
 garbage-first heap   total 174080K, used 98685K [0x0000000080000000, 0x0000000100000000)
  region size 1024K, 8 young (8192K), 7 survivors (7168K)
 Metaspace       used 96469K, committed 97216K, reserved 1179648K
  class space    used 13271K, committed 13632K, reserved 1048576K
}
Event: 7.234 GC heap after
{Heap after GC invocations=42 (full 0):
 garbage-first heap   total 174080K, used 98121K [0x0000000080000000, 0x0000000100000000)
  region size 1024K, 1 young (1024K), 1 survivors (1024K)
 Metaspace       used 96469K, committed 97216K, reserved 1179648K
  class space    used 13271K, committed 13632K, reserved 1048576K
}
Event: 7.648 GC heap before
{Heap before GC invocations=42 (full 0):
 garbage-first heap   total 174080K, used 143177K [0x0000000080000000, 0x0000000100000000)
  region size 1024K, 45 young (46080K), 1 survivors (1024K)
 Metaspace       used 98579K, committed 99328K, reserved 1179648K
  class space    used 13716K, committed 14080K, reserved 1048576K
}

