# JRE version: OpenJDK Runtime Environment (17.0.7) (build 17.0.7+0-b2043.56-10550314)
# Java VM: OpenJDK 64-Bit Server VM (17.0.7+0-b2043.56-10550314, mixed mode, tiered, compressed oops, compressed class ptrs, g1 gc, windows-amd64)
GC Precious Log:
 CPUs: 20 total, 20 available
 Memory: 16003M
 Large Page Support: Disabled
 NUMA Support: Disabled
 Compressed Oops: Enabled (32-bit)
 Heap Region Size: 1M
 Heap Min Capacity: 8M
 Heap Initial Capacity: 252M
 Heap Max Capacity: 2G
 Pre-touch: Disabled
 Parallel Workers: 15
 Concurrent Workers: 4
 Concurrent Refinement Workers: 15
 Periodic GC: Disabled
Heap:
 garbage-first heap   total 283648K, used 119888K [0x0000000080000000, 0x0000000100000000)
  region size 1024K, 41 young (41984K), 18 survivors (18432K)
 Metaspace       used 96562K, committed 97216K, reserved 1179648K
  class space    used 13276K, committed 13568K, reserved 1048576K
GC Heap History (20 events):
Event: 4.067 GC heap before
{Heap before GC invocations=24 (full 0):
 garbage-first heap   total 109568K, used 83512K [0x0000000080000000, 0x0000000100000000)
  region size 1024K, 24 young (24576K), 2 survivors (2048K)
 Metaspace       used 64288K, committed 64896K, reserved 1114112K
  class space    used 8615K, committed 8896K, reserved 1048576K
}
Event: 4.069 GC heap after
{Heap after GC invocations=25 (full 0):
 garbage-first heap   total 109568K, used 63378K [0x0000000080000000, 0x0000000100000000)
  region size 1024K, 3 young (3072K), 3 survivors (3072K)
 Metaspace       used 64288K, committed 64896K, reserved 1114112K
  class space    used 8615K, committed 8896K, reserved 1048576K
}
Event: 4.185 GC heap before
{Heap before GC invocations=26 (full 0):
 garbage-first heap   total 109568K, used 92050K [0x0000000080000000, 0x0000000100000000)
  region size 1024K, 26 young (26624K), 3 survivors (3072K)
 Metaspace       used 66107K, committed 66688K, reserved 1114112K
  class space    used 8850K, committed 9152K, reserved 1048576K
}
Event: 4.187 GC heap after
{Heap after GC invocations=27 (full 0):
 garbage-first heap   total 109568K, used 66570K [0x0000000080000000, 0x0000000100000000)
  region size 1024K, 4 young (4096K), 4 survivors (4096K)
 Metaspace       used 66107K, committed 66688K, reserved 1114112K
  class space    used 8850K, committed 9152K, reserved 1048576K
}
Event: 4.192 GC heap before
{Heap before GC invocations=27 (full 0):
 garbage-first heap   total 109568K, used 67594K [0x0000000080000000, 0x0000000100000000)
  region size 1024K, 5 young (5120K), 4 survivors (4096K)
 Metaspace       used 66185K, committed 66816K, reserved 1114112K
  class space    used 8860K, committed 9152K, reserved 1048576K
}
Event: 4.194 GC heap after
{Heap after GC invocations=28 (full 0):
 garbage-first heap   total 132096K, used 67212K [0x0000000080000000, 0x0000000100000000)
  region size 1024K, 1 young (1024K), 1 survivors (1024K)
 Metaspace       used 66185K, committed 66816K, reserved 1114112K
  class space    used 8860K, committed 9152K, reserved 1048576K
}
Event: 4.378 GC heap before
{Heap before GC invocations=28 (full 0):
 garbage-first heap   total 132096K, used 102028K [0x0000000080000000, 0x0000000100000000)
  region size 1024K, 35 young (35840K), 1 survivors (1024K)
 Metaspace       used 68938K, committed 69568K, reserved 1114112K
  class space    used 9211K, committed 9536K, reserved 1048576K
}
Event: 4.379 GC heap after
{Heap after GC invocations=29 (full 0):
 garbage-first heap   total 132096K, used 68846K [0x0000000080000000, 0x0000000100000000)
  region size 1024K, 2 young (2048K), 2 survivors (2048K)
 Metaspace       used 68938K, committed 69568K, reserved 1114112K
  class space    used 9211K, committed 9536K, reserved 1048576K
}
Event: 4.615 GC heap before
{Heap before GC invocations=30 (full 0):
 garbage-first heap   total 132096K, used 108782K [0x0000000080000000, 0x0000000100000000)
  region size 1024K, 37 young (37888K), 2 survivors (2048K)
 Metaspace       used 71815K, committed 72448K, reserved 1114112K
  class space    used 9627K, committed 9920K, reserved 1048576K
}
Event: 4.617 GC heap after
{Heap after GC invocations=31 (full 0):
 garbage-first heap   total 132096K, used 75398K [0x0000000080000000, 0x0000000100000000)
  region size 1024K, 5 young (5120K), 5 survivors (5120K)
 Metaspace       used 71815K, committed 72448K, reserved 1114112K
  class space    used 9627K, committed 9920K, reserved 1048576K
}
Event: 4.623 GC heap before
{Heap before GC invocations=31 (full 0):
 garbage-first heap   total 132096K, used 76422K [0x0000000080000000, 0x0000000100000000)
  region size 1024K, 6 young (6144K), 5 survivors (5120K)
 Metaspace       used 71959K, committed 72576K, reserved 1114112K
  class space    used 9650K, committed 9920K, reserved 1048576K
}
Event: 4.625 GC heap after
{Heap after GC invocations=32 (full 0):
 garbage-first heap   total 132096K, used 75121K [0x0000000080000000, 0x0000000100000000)
  region size 1024K, 1 young (1024K), 1 survivors (1024K)
 Metaspace       used 71959K, committed 72576K, reserved 1114112K
  class space    used 9650K, committed 9920K, reserved 1048576K
}
Event: 4.796 GC heap before
{Heap before GC invocations=32 (full 0):
 garbage-first heap   total 132096K, used 105841K [0x0000000080000000, 0x0000000100000000)
  region size 1024K, 31 young (31744K), 1 survivors (1024K)
 Metaspace       used 75549K, committed 76096K, reserved 1179648K
  class space    used 10131K, committed 10368K, reserved 1048576K
}
Event: 4.798 GC heap after
{Heap after GC invocations=33 (full 0):
 garbage-first heap   total 132096K, used 76634K [0x0000000080000000, 0x0000000100000000)
  region size 1024K, 2 young (2048K), 2 survivors (2048K)
 Metaspace       used 75549K, committed 76096K, reserved 1179648K
  class space    used 10131K, committed 10368K, reserved 1048576K
}
Event: 4.983 GC heap before
{Heap before GC invocations=34 (full 0):
 garbage-first heap   total 135168K, used 107354K [0x0000000080000000, 0x0000000100000000)
  region size 1024K, 32 young (32768K), 2 survivors (2048K)
 Metaspace       used 77703K, committed 78336K, reserved 1179648K
  class space    used 10430K, committed 10688K, reserved 1048576K
}
Event: 4.986 GC heap after
{Heap after GC invocations=35 (full 0):
 garbage-first heap   total 283648K, used 78827K [0x0000000080000000, 0x0000000100000000)
  region size 1024K, 4 young (4096K), 4 survivors (4096K)
 Metaspace       used 77703K, committed 78336K, reserved 1179648K
  class space    used 10430K, committed 10688K, reserved 1048576K
}
Event: 5.987 GC heap before
{Heap before GC invocations=35 (full 0):
 garbage-first heap   total 283648K, used 221163K [0x0000000080000000, 0x0000000100000000)
  region size 1024K, 143 young (146432K), 4 survivors (4096K)
 Metaspace       used 87355K, committed 87936K, reserved 1179648K
  class space    used 11992K, committed 12288K, reserved 1048576K
}
Event: 5.996 GC heap after
{Heap after GC invocations=36 (full 0):
 garbage-first heap   total 283648K, used 86915K [0x0000000080000000, 0x0000000100000000)
  region size 1024K, 12 young (12288K), 12 survivors (12288K)
 Metaspace       used 87355K, committed 87936K, reserved 1179648K
  class space    used 11992K, committed 12288K, reserved 1048576K
}
Event: 6.843 GC heap before
{Heap before GC invocations=36 (full 0):
 garbage-first heap   total 283648K, used 220035K [0x0000000080000000, 0x0000000100000000)
  region size 1024K, 143 young (146432K), 12 survivors (12288K)
 Metaspace       used 96480K, committed 97152K, reserved 1179648K
  class space    used 13272K, committed 13568K, reserved 1048576K
}
Event: 6.853 GC heap after
{Heap after GC invocations=37 (full 0):
 garbage-first heap   total 283648K, used 97360K [0x0000000080000000, 0x0000000100000000)
  region size 1024K, 18 young (18432K), 18 survivors (18432K)
 Metaspace       used 96480K, committed 97152K, reserved 1179648K
  class space    used 13272K, committed 13568K, reserved 1048576K
}

